{
  "RSpec": {
    "coverage": {
      "/Users/CEO/Desktop/chess_mine/lib/chess.rb": [
        1,
        1,
        null,
        null,
        null,
        null,
        null,
        null,
        null,
        null,
        null,
        null,
        null,
        null,
        null,
        null,
        1,
        null,
        null,
        null,
        null,
        null,
        null,
        null,
        null,
        null,
        null,
        null,
        null,
        1,
        1,
        null,
        1,
        1,
        1,
        1,
        1,
        1,
        1,
        1,
        1,
        1,
        1,
        1,
        null,
        null,
        null
      ],
      "/Users/CEO/Desktop/chess_mine/lib/chess/scenario.rb": [
        1,
        null,
        1,
        1,
        null,
        40,
        40,
        1316,
        1214,
        34,
        null,
        null,
        1,
        3,
        54,
        14,
        2,
        null,
        null,
        null,
        null,
        null,
        null,
        1,
        1,
        1,
        1,
        1,
        null,
        null,
        1,
        1,
        0,
        0,
        null,
        0,
        null,
        null,
        1,
        0,
        0,
        null,
        0,
        null,
        null,
        null
      ],
      "/Users/CEO/Desktop/chess_mine/lib/chess/UI.rb": [
        1,
        null,
        null,
        1,
        1,
        0,
        0,
        null,
        null,
        null,
        null,
        1,
        0,
        0,
        0,
        0,
        0,
        0,
        null,
        null,
        null,
        null,
        null,
        null,
        1,
        3,
        0,
        0,
        null,
        3,
        26,
        3,
        1,
        1,
        null,
        1,
        1,
        null,
        1,
        null,
        null,
        null,
        0,
        null,
        null,
        null,
        null,
        1,
        5,
        5,
        4,
        3,
        2,
        null,
        null,
        null,
        null,
        1,
        8,
        8,
        23,
        2,
        2,
        null,
        null,
        null,
        null,
        1,
        0,
        0,
        0,
        0,
        0,
        null,
        null,
        null,
        null
      ],
      "/Users/CEO/Desktop/chess_mine/lib/chess/piece.rb": [
        1,
        null,
        1,
        1,
        1,
        1193,
        1193,
        1193,
        1193,
        null,
        null,
        null,
        null,
        1,
        37,
        37,
        37,
        5,
        5,
        null,
        32,
        32,
        null,
        null,
        null,
        null,
        null,
        1,
        1836,
        1836,
        1848,
        1848,
        null,
        null,
        192,
        187,
        14,
        14,
        null,
        173,
        null,
        166,
        null,
        null,
        null,
        null,
        1,
        153,
        306,
        306,
        306,
        306,
        153,
        null,
        null,
        null,
        1,
        154,
        315,
        309,
        310,
        310,
        154,
        null,
        null,
        1,
        1850,
        47787,
        null,
        1100,
        null,
        null,
        1,
        1711,
        729,
        null,
        null,
        null,
        1,
        713,
        22484,
        null,
        694,
        null,
        null,
        null,
        null
      ],
      "/Users/CEO/Desktop/chess_mine/lib/chess/printer.rb": [
        1,
        null,
        1,
        1,
        0,
        0,
        null,
        0,
        null,
        0,
        null,
        null,
        null,
        1,
        0,
        null,
        1,
        0,
        null,
        null,
        0,
        null,
        null,
        null,
        1,
        0,
        null,
        null,
        1,
        0,
        null,
        null,
        1,
        0,
        0,
        null,
        null,
        1,
        0,
        null,
        1,
        0,
        null,
        1,
        0,
        null,
        null,
        null,
        null
      ],
      "/Users/CEO/Desktop/chess_mine/lib/chess/pieces/bishop.rb": [
        1,
        1,
        1,
        146,
        null,
        null,
        1,
        74,
        null,
        null,
        null,
        null
      ],
      "/Users/CEO/Desktop/chess_mine/lib/chess/pieces/king.rb": [
        1,
        1,
        1,
        74,
        null,
        null,
        1,
        37,
        null,
        null,
        null
      ],
      "/Users/CEO/Desktop/chess_mine/lib/chess/pieces/pawn.rb": [
        1,
        null,
        null,
        null,
        null,
        1,
        1,
        1,
        578,
        578,
        null,
        null,
        null,
        1,
        300,
        300,
        300,
        300,
        300,
        610,
        610,
        536,
        536,
        10,
        10,
        null,
        5,
        null,
        null,
        null,
        300,
        300,
        null,
        null,
        null,
        1,
        536,
        526,
        null,
        null,
        null,
        1,
        300,
        0,
        null,
        null,
        null,
        1,
        295,
        null,
        null,
        1,
        300,
        null,
        null,
        null,
        null,
        1,
        330,
        10,
        null,
        null,
        null
      ],
      "/Users/CEO/Desktop/chess_mine/lib/chess/pieces/queen.rb": [
        1,
        1,
        1,
        74,
        null,
        null,
        1,
        39,
        null,
        null,
        null
      ],
      "/Users/CEO/Desktop/chess_mine/lib/chess/pieces/rook.rb": [
        1,
        1,
        1,
        145,
        null,
        null,
        1,
        75,
        null,
        null,
        null,
        null
      ],
      "/Users/CEO/Desktop/chess_mine/lib/chess/pieces/knight.rb": [
        1,
        1,
        1,
        1,
        146,
        146,
        null,
        null,
        1,
        76,
        76,
        76,
        1216,
        608,
        6,
        null,
        76,
        null,
        null,
        null
      ],
      "/Users/CEO/Desktop/chess_mine/lib/chess/player.rb": [
        1,
        1,
        1,
        1,
        0,
        0,
        0,
        null,
        null,
        1,
        0,
        0,
        0,
        null,
        null,
        1,
        0,
        0,
        0,
        0,
        0,
        null,
        null,
        null
      ],
      "/Users/CEO/Desktop/chess_mine/lib/chess/board.rb": [
        1,
        null,
        null,
        null,
        1,
        1,
        1,
        324,
        36,
        null,
        null,
        1,
        null,
        324,
        324,
        36,
        36,
        36,
        36,
        36,
        36,
        36,
        36,
        36,
        36,
        36,
        36,
        36,
        36,
        36,
        36,
        null,
        null,
        1,
        0,
        0,
        0,
        0,
        0,
        0,
        0,
        0,
        0,
        null,
        0,
        0,
        0,
        0,
        0,
        null,
        0,
        null,
        0,
        0,
        null,
        null,
        null,
        1,
        3427,
        21808,
        172862,
        85826,
        null,
        null,
        null,
        null,
        1,
        0,
        null,
        null,
        1,
        12769,
        null,
        null,
        1,
        2,
        65,
        2,
        null,
        null,
        1,
        45,
        594,
        45,
        45,
        45,
        45,
        45,
        null,
        null,
        0,
        null,
        null,
        1,
        38,
        38,
        null,
        null,
        null
      ],
      "/Users/CEO/Desktop/chess_mine/lib/chess/game.rb": [
        1,
        1,
        1,
        0,
        null,
        0,
        0,
        0,
        0,
        null,
        null,
        1,
        0,
        0,
        0,
        0,
        0,
        0,
        0,
        0,
        null,
        null,
        null,
        null,
        1,
        0,
        0,
        null,
        null,
        1,
        0,
        0,
        0,
        0,
        null,
        0,
        0,
        null,
        0,
        null,
        0,
        null,
        null,
        null,
        1,
        null,
        0,
        null,
        null,
        null,
        null
      ],
      "/Users/CEO/Desktop/chess_mine/spec/board_spec.rb": [
        1,
        1,
        1,
        5,
        5,
        5,
        null,
        null,
        1,
        1,
        1,
        1,
        1,
        1,
        null,
        null,
        1,
        1,
        1,
        null,
        null,
        null,
        null,
        1,
        1,
        1,
        1,
        1,
        2,
        2,
        null,
        1,
        2,
        2,
        null,
        null,
        null,
        1,
        1,
        null,
        null,
        1,
        1,
        1,
        null,
        null,
        null,
        null
      ],
      "/Users/CEO/Desktop/chess_mine/spec/game_spec.rb": [
        1,
        null,
        1,
        1,
        0,
        null,
        null,
        null,
        null,
        null,
        null,
        null
      ],
      "/Users/CEO/Desktop/chess_mine/spec/piece_spec.rb": [
        1,
        null,
        1,
        1,
        10,
        10,
        10,
        10,
        10,
        10,
        null,
        null,
        null,
        null,
        null,
        null,
        1,
        null,
        null,
        null,
        null,
        1,
        1,
        null,
        1,
        1,
        null,
        null,
        null,
        null,
        null,
        null,
        null,
        1,
        null,
        null,
        null,
        null,
        1,
        1,
        null,
        null,
        null,
        null,
        null,
        1,
        1,
        null,
        null,
        null,
        null,
        null,
        null,
        null,
        null,
        null,
        null,
        null,
        1,
        null,
        null,
        null,
        null,
        1,
        1,
        null,
        1,
        1,
        null,
        1,
        1,
        null,
        1,
        1,
        null,
        null,
        null,
        null,
        1,
        1,
        1,
        null,
        1,
        1,
        null,
        null,
        null,
        null,
        null
      ],
      "/Users/CEO/Desktop/chess_mine/spec/pieces/bishop_spec.rb": [
        1,
        null,
        1,
        1,
        2,
        2,
        null,
        null,
        1,
        1,
        2,
        2,
        null,
        1,
        1,
        1,
        null,
        null,
        null
      ],
      "/Users/CEO/Desktop/chess_mine/spec/pieces/king_spec.rb": [
        1,
        null,
        1,
        3,
        3,
        null,
        1,
        1,
        1,
        2,
        null,
        1,
        1,
        null,
        1,
        1,
        null,
        null,
        null,
        null
      ],
      "/Users/CEO/Desktop/chess_mine/spec/pieces/knight_spec.rb": [
        1,
        null,
        1,
        1,
        2,
        2,
        null,
        null,
        1,
        3,
        2,
        2,
        null,
        null
      ],
      "/Users/CEO/Desktop/chess_mine/spec/pieces/pawn_spec.rb": [
        1,
        null,
        1,
        1,
        2,
        2,
        null,
        null,
        1,
        1,
        1,
        1,
        1,
        1,
        1,
        null,
        null,
        1,
        1,
        null,
        null,
        null
      ],
      "/Users/CEO/Desktop/chess_mine/spec/pieces/queen_spec.rb": [
        1,
        null,
        1,
        1,
        1,
        1,
        null,
        null,
        1,
        1,
        1,
        null,
        null,
        null
      ],
      "/Users/CEO/Desktop/chess_mine/spec/pieces/rook_spec.rb": [
        1,
        null,
        1,
        null,
        1,
        1,
        1,
        null,
        null,
        1,
        1,
        1,
        null,
        null,
        null
      ],
      "/Users/CEO/Desktop/chess_mine/spec/player_spec.rb": [
        1,
        null,
        1,
        null,
        null,
        null,
        null
      ],
      "/Users/CEO/Desktop/chess_mine/spec/scenario_spec.rb": [
        1,
        null,
        1,
        1,
        6,
        6,
        null,
        1,
        1,
        1,
        1,
        null,
        1,
        1,
        null,
        null,
        null,
        1,
        1,
        1,
        null,
        1,
        1,
        1,
        null,
        null,
        null,
        1,
        1,
        1,
        1,
        1,
        null,
        null,
        null,
        1,
        1,
        1,
        null,
        null,
        null
      ]
    },
    "timestamp": 1456464477
  }
}
