{
  "RSpec": {
    "coverage": {
      "/Users/CEO/Desktop/chess_mine/lib/chess.rb": [
        1,
        1,
        null,
        null,
        null,
        null,
        null,
        null,
        null,
        null,
        null,
        null,
        null,
        null,
        null,
        null,
        1,
        null,
        null,
        null,
        null,
        null,
        null,
        null,
        null,
        null,
        null,
        null,
        null,
        1,
        1,
        1,
        1,
        1,
        1,
        1,
        1,
        1,
        1,
        1,
        1,
        1,
        1,
        null,
        null,
        null
      ],
      "/Users/CEO/Desktop/chess_mine/lib/chess/scenario.rb": [
        1,
        1,
        1,
        null,
        17,
        17,
        557,
        472,
        12,
        null,
        null,
        1,
        0,
        0,
        null,
        null,
        null,
        1,
        null,
        null,
        null,
        null
      ],
      "/Users/CEO/Desktop/chess_mine/lib/chess/user_interaction.rb": [
        1,
        null,
        null,
        1,
        1,
        0,
        0,
        null,
        null,
        null,
        null,
        1,
        0,
        0,
        0,
        0,
        0,
        0,
        null,
        null,
        null,
        null,
        null,
        null,
        1,
        3,
        0,
        0,
        null,
        3,
        26,
        3,
        1,
        1,
        null,
        1,
        1,
        null,
        1,
        null,
        null,
        null,
        0,
        null,
        null,
        null,
        null,
        1,
        5,
        5,
        4,
        3,
        2,
        null,
        null,
        null,
        null,
        1,
        8,
        8,
        23,
        2,
        2,
        null,
        null,
        null,
        null,
        1,
        0,
        0,
        0,
        0,
        0,
        null,
        null,
        null,
        null
      ],
      "/Users/CEO/Desktop/chess_mine/lib/chess/piece.rb": [
        1,
        null,
        1,
        1,
        1,
        968,
        968,
        968,
        968,
        null,
        null,
        null,
        1,
        17,
        17,
        17,
        5,
        5,
        null,
        12,
        12,
        null,
        null,
        null,
        null,
        null,
        null,
        null,
        null,
        null,
        null,
        null,
        null,
        null,
        null,
        1,
        764,
        764,
        776,
        776,
        null,
        null,
        102,
        97,
        14,
        14,
        null,
        83,
        null,
        76,
        null,
        null,
        null,
        null,
        1,
        64,
        128,
        128,
        128,
        128,
        64,
        null,
        null,
        null,
        1,
        65,
        137,
        131,
        132,
        132,
        65,
        null,
        null,
        1,
        778,
        20068,
        null,
        473,
        null,
        null,
        1,
        724,
        324,
        null,
        null,
        1,
        308,
        9538,
        null,
        290,
        null,
        null,
        null,
        null
      ],
      "/Users/CEO/Desktop/chess_mine/lib/chess/printer.rb": [
        1,
        null,
        1,
        1,
        0,
        0,
        null,
        0,
        null,
        0,
        null,
        null,
        null,
        1,
        0,
        null,
        1,
        0,
        null,
        null,
        0,
        null,
        null,
        null,
        1,
        0,
        null,
        null,
        1,
        0,
        null,
        null,
        1,
        0,
        0,
        null,
        null,
        1,
        0,
        null,
        1,
        0,
        0,
        null,
        1,
        0,
        null,
        null,
        null,
        null
      ],
      "/Users/CEO/Desktop/chess_mine/lib/chess/pieces/bishop.rb": [
        1,
        1,
        1,
        118,
        null,
        null,
        1,
        29,
        null,
        null,
        null,
        null
      ],
      "/Users/CEO/Desktop/chess_mine/lib/chess/pieces/king.rb": [
        1,
        1,
        1,
        60,
        null,
        null,
        1,
        15,
        null,
        null,
        null
      ],
      "/Users/CEO/Desktop/chess_mine/lib/chess/pieces/pawn.rb": [
        1,
        null,
        null,
        1,
        1,
        1,
        466,
        466,
        null,
        null,
        null,
        1,
        120,
        120,
        120,
        120,
        120,
        250,
        250,
        221,
        10,
        10,
        null,
        4,
        null,
        null,
        null,
        120,
        120,
        null,
        null,
        null,
        1,
        221,
        211,
        null,
        null,
        null,
        1,
        120,
        0,
        null,
        null,
        null,
        1,
        115,
        null,
        null,
        1,
        120,
        null,
        null,
        null,
        null,
        1,
        330,
        10,
        null,
        null,
        null
      ],
      "/Users/CEO/Desktop/chess_mine/lib/chess/pieces/queen.rb": [
        1,
        1,
        1,
        59,
        null,
        null,
        1,
        17,
        null,
        null,
        null
      ],
      "/Users/CEO/Desktop/chess_mine/lib/chess/pieces/rook.rb": [
        1,
        1,
        1,
        117,
        null,
        null,
        1,
        30,
        null,
        null,
        null,
        null
      ],
      "/Users/CEO/Desktop/chess_mine/lib/chess/pieces/knight.rb": [
        1,
        1,
        1,
        1,
        118,
        118,
        null,
        null,
        1,
        31,
        31,
        31,
        496,
        248,
        6,
        null,
        31,
        null,
        null,
        null
      ],
      "/Users/CEO/Desktop/chess_mine/lib/chess/player.rb": [
        1,
        1,
        1,
        1,
        0,
        0,
        0,
        null,
        null,
        1,
        0,
        0,
        0,
        null,
        null,
        1,
        0,
        0,
        0,
        0,
        0,
        null,
        null,
        null
      ],
      "/Users/CEO/Desktop/chess_mine/lib/chess/board.rb": [
        1,
        null,
        null,
        null,
        1,
        1,
        1,
        261,
        29,
        null,
        null,
        1,
        null,
        261,
        261,
        29,
        29,
        29,
        29,
        29,
        29,
        29,
        29,
        29,
        29,
        29,
        29,
        29,
        29,
        29,
        29,
        null,
        null,
        1,
        0,
        0,
        0,
        0,
        0,
        0,
        0,
        0,
        0,
        null,
        0,
        0,
        0,
        0,
        0,
        null,
        0,
        null,
        0,
        0,
        null,
        null,
        null,
        1,
        1452,
        9276,
        73360,
        36289,
        null,
        null,
        null,
        null,
        1,
        0,
        null,
        null,
        1,
        5202,
        null,
        null,
        1,
        22,
        437,
        22,
        22,
        22,
        22,
        22,
        null,
        null,
        0,
        null,
        null,
        1,
        18,
        18,
        null,
        null,
        null
      ],
      "/Users/CEO/Desktop/chess_mine/lib/chess/game.rb": [
        1,
        1,
        null,
        1,
        null,
        null,
        null,
        0,
        0,
        0,
        0,
        0,
        0,
        null,
        null,
        1,
        0,
        0,
        0,
        0,
        null,
        0,
        0,
        0,
        null,
        null,
        null,
        null,
        null,
        null,
        null,
        null,
        null,
        null,
        null,
        null,
        null,
        null,
        null,
        null,
        null,
        null,
        null,
        null,
        null,
        null,
        null,
        null,
        null,
        null,
        null,
        null,
        null,
        null,
        null,
        null,
        null,
        null,
        null,
        null,
        null,
        null,
        null
      ],
      "/Users/CEO/Desktop/chess_mine/spec/board_spec.rb": [
        1,
        1,
        1,
        4,
        4,
        null,
        null,
        1,
        1,
        1,
        1,
        1,
        1,
        null,
        null,
        1,
        1,
        1,
        null,
        null,
        null,
        null,
        1,
        1,
        1,
        1,
        1,
        2,
        2,
        null,
        1,
        2,
        2,
        null,
        null,
        null,
        1,
        1,
        null,
        null,
        null
      ],
      "/Users/CEO/Desktop/chess_mine/spec/game_spec.rb": [
        1,
        null,
        1,
        1,
        0,
        null,
        null,
        null,
        null,
        null,
        null,
        null
      ],
      "/Users/CEO/Desktop/chess_mine/spec/piece_spec.rb": [
        1,
        null,
        1,
        1,
        10,
        10,
        10,
        10,
        10,
        10,
        null,
        null,
        null,
        null,
        null,
        null,
        1,
        null,
        null,
        null,
        null,
        1,
        1,
        null,
        1,
        1,
        null,
        null,
        null,
        null,
        null,
        null,
        null,
        1,
        null,
        null,
        null,
        null,
        1,
        1,
        null,
        null,
        null,
        null,
        null,
        1,
        1,
        null,
        null,
        null,
        null,
        null,
        null,
        null,
        null,
        null,
        null,
        null,
        1,
        null,
        null,
        null,
        null,
        1,
        1,
        null,
        1,
        1,
        null,
        1,
        1,
        null,
        1,
        1,
        null,
        null,
        null,
        null,
        1,
        1,
        1,
        null,
        1,
        1,
        null,
        null,
        null,
        null,
        null
      ],
      "/Users/CEO/Desktop/chess_mine/spec/pieces/bishop_spec.rb": [
        1,
        null,
        1,
        1,
        2,
        2,
        null,
        null,
        1,
        1,
        2,
        2,
        null,
        1,
        1,
        1,
        null,
        null,
        null
      ],
      "/Users/CEO/Desktop/chess_mine/spec/pieces/king_spec.rb": [
        1,
        null,
        1,
        3,
        3,
        null,
        1,
        1,
        1,
        2,
        null,
        1,
        1,
        null,
        1,
        1,
        null,
        null,
        null,
        null
      ],
      "/Users/CEO/Desktop/chess_mine/spec/pieces/knight_spec.rb": [
        1,
        null,
        1,
        1,
        2,
        2,
        null,
        null,
        1,
        3,
        2,
        2,
        null,
        null
      ],
      "/Users/CEO/Desktop/chess_mine/spec/pieces/pawn_spec.rb": [
        1,
        null,
        1,
        1,
        2,
        2,
        null,
        null,
        1,
        1,
        1,
        1,
        1,
        1,
        1,
        null,
        null,
        1,
        1,
        null,
        null,
        null
      ],
      "/Users/CEO/Desktop/chess_mine/spec/pieces/queen_spec.rb": [
        1,
        null,
        1,
        1,
        1,
        1,
        null,
        null,
        1,
        1,
        1,
        null,
        null,
        null
      ],
      "/Users/CEO/Desktop/chess_mine/spec/pieces/rook_spec.rb": [
        1,
        null,
        1,
        null,
        1,
        1,
        1,
        null,
        null,
        1,
        1,
        1,
        null,
        null,
        null
      ],
      "/Users/CEO/Desktop/chess_mine/spec/player_spec.rb": [
        1,
        null,
        1,
        null,
        null,
        null,
        null
      ]
    },
    "timestamp": 1456155931
  }
}
